\BOOKMARK [1][-]{section.1}{\376\377\000I\000n\000t\000r\000o\000d\000u\000c\000t\000i\000o\000n}{}% 1
\BOOKMARK [1][-]{section.2}{\376\377\000B\000a\000c\000k\000g\000r\000o\000u\000n\000d\000\040\000a\000n\000d\000\040\000M\000o\000t\000i\000v\000a\000t\000i\000o\000n}{}% 2
\BOOKMARK [2][-]{subsection.2.1}{\376\377\000G\000o\000a\000l\000s\000\040\000f\000o\000r\000\040\000V\000M\000\040\000i\000n\000\040\000H\000e\000t\000e\000r\000o\000g\000e\000n\000e\000o\000u\000s\000\040\000S\000y\000s\000t\000e\000m\000s}{section.2}% 3
\BOOKMARK [2][-]{subsection.2.2}{\376\377\000S\000h\000o\000r\000t\000c\000o\000m\000i\000n\000g\000s\000\040\000o\000f\000\040\000M\000o\000d\000e\000r\000n\000\040\000M\000M\000U\000\040\000H\000a\000r\000d\000w\000a\000r\000e}{section.2}% 4
\BOOKMARK [3][-]{subsubsection.2.2.1}{\376\377\000T\000L\000B\000\040\000R\000e\000a\000c\000h\000.}{subsection.2.2}% 5
\BOOKMARK [3][-]{subsubsection.2.2.2}{\376\377\000I\000n\000c\000r\000e\000a\000s\000i\000n\000g\000\040\000P\000a\000g\000e\000\040\000T\000a\000b\000l\000e\000\040\000W\000a\000l\000k\000\040\000L\000a\000t\000e\000n\000c\000y\000.}{subsection.2.2}% 6
\BOOKMARK [2][-]{subsection.2.3}{\376\377\000P\000r\000i\000o\000r\000\040\000A\000p\000p\000r\000o\000a\000c\000h\000e\000s}{section.2}% 7
\BOOKMARK [1][-]{section.3}{\376\377\000O\000u\000r\000\040\000A\000p\000p\000r\000o\000a\000c\000h}{}% 8
\BOOKMARK [1][-]{section.4}{\376\377\000S\000p\000r\000y\000V\000M\000:\000\040\000H\000a\000r\000d\000w\000a\000r\000e\000\040\000S\000u\000p\000p\000o\000r\000t}{}% 9
\BOOKMARK [2][-]{subsection.4.1}{\376\377\000B\000a\000s\000e\000l\000i\000n\000e\000\040\000A\000d\000d\000r\000e\000s\000s\000\040\000T\000r\000a\000n\000s\000l\000a\000t\000i\000o\000n}{section.4}% 10
\BOOKMARK [2][-]{subsection.4.2}{\376\377\000S\000p\000r\000y\000V\000M\000\040\000A\000d\000d\000r\000e\000s\000s\000\040\000T\000r\000a\000n\000s\000l\000a\000t\000i\000o\000n}{section.4}% 11
\BOOKMARK [1][-]{section.5}{\376\377\000S\000p\000r\000y\000V\000M\000:\000\040\000O\000p\000e\000r\000a\000t\000i\000n\000g\000\040\000S\000y\000s\000t\000e\000m\000\040\000S\000u\000p\000p\000o\000r\000t}{}% 12
\BOOKMARK [1][-]{section.6}{\376\377\000E\000x\000p\000e\000r\000i\000m\000e\000n\000t\000a\000l\000\040\000M\000e\000t\000h\000o\000d\000o\000l\000o\000g\000y}{}% 13
\BOOKMARK [2][-]{subsection.6.1}{\376\377\000W\000o\000r\000k\000l\000o\000a\000d\000s}{section.6}% 14
\BOOKMARK [2][-]{subsection.6.2}{\376\377\000T\000L\000B\000\040\000s\000t\000u\000d\000i\000e\000s}{section.6}% 15
\BOOKMARK [2][-]{subsection.6.3}{\376\377\000A\000s\000s\000o\000c\000i\000a\000t\000i\000v\000i\000t\000y}{section.6}% 16
\BOOKMARK [2][-]{subsection.6.4}{\376\377\000P\000e\000r\000f\000o\000r\000m\000a\000n\000c\000e}{section.6}% 17
\BOOKMARK [2][-]{subsection.6.5}{\376\377\000S\000i\000m\000u\000l\000a\000t\000i\000o\000n\000\040\000P\000a\000r\000a\000m\000e\000t\000e\000r\000s}{section.6}% 18
\BOOKMARK [1][-]{section.7}{\376\377\000E\000v\000a\000l\000u\000a\000t\000i\000o\000n}{}% 19
\BOOKMARK [2][-]{subsection.7.1}{\376\377\000T\000L\000B\000\040\000S\000e\000n\000s\000i\000t\000i\000v\000i\000t\000y}{section.7}% 20
\BOOKMARK [3][-]{subsubsection.7.1.1}{\376\377\0003\0002\000G\000B\000\040\000w\000o\000r\000k\000i\000n\000g\000\040\000s\000e\000t\000.}{subsection.7.1}% 21
\BOOKMARK [3][-]{subsubsection.7.1.2}{\376\377\0001\0002\0008\000G\000B\000\040\000w\000o\000r\000k\000i\000n\000g\000\040\000s\000e\000t\000.}{subsection.7.1}% 22
\BOOKMARK [2][-]{subsection.7.2}{\376\377\000T\000L\000B\000\040\000M\000i\000s\000s\000\040\000P\000e\000n\000a\000l\000t\000y}{section.7}% 23
\BOOKMARK [2][-]{subsection.7.3}{\376\377\000A\000s\000s\000o\000c\000i\000a\000t\000i\000v\000i\000t\000y\000\040\000s\000t\000u\000d\000y\000\040\000o\000f\000\040\000V\000M}{section.7}% 24
\BOOKMARK [2][-]{subsection.7.4}{\376\377\000S\000i\000n\000g\000l\000e\000-\000P\000r\000o\000c\000e\000s\000s\000\040\000I\000n\000-\000M\000e\000m\000o\000r\000y}{section.7}% 25
\BOOKMARK [2][-]{subsection.7.5}{\376\377\000S\000i\000n\000g\000l\000e\000-\000P\000r\000o\000c\000e\000s\000s\000\040\000O\000u\000t\000-\000o\000f\000-\000M\000e\000m\000o\000r\000y}{section.7}% 26
\BOOKMARK [2][-]{subsection.7.6}{\376\377\000M\000u\000l\000t\000i\000-\000p\000r\000o\000g\000r\000a\000m\000m\000i\000n\000g\000\040\000I\000n\000-\000M\000e\000m\000o\000r\000y}{section.7}% 27
\BOOKMARK [2][-]{subsection.7.7}{\376\377\000M\000u\000l\000t\000i\000-\000p\000r\000o\000g\000r\000a\000m\000m\000i\000n\000g\000\040\000O\000u\000t\000-\000o\000f\000-\000M\000e\000m\000o\000r\000y}{section.7}% 28
\BOOKMARK [1][-]{section.8}{\376\377\000D\000i\000s\000c\000u\000s\000s\000i\000o\000n}{}% 29
\BOOKMARK [1][-]{section.9}{\376\377\000R\000e\000l\000a\000t\000e\000d\000\040\000W\000o\000r\000k}{}% 30
\BOOKMARK [1][-]{section.10}{\376\377\000C\000o\000n\000c\000l\000u\000s\000i\000o\000n}{}% 31
